2023-11-26 10:26:13 ERROR OrderController:79 - Error creating user.
java.lang.NullPointerException: Cannot invoke "String.equals(Object)" because the return value of "com.example.demo.model.requests.CreateUserRequest.getConfirmPassword()" is null
	at com.example.demo.controllers.UserController.createUser(UserController.java:57)
	at java.base/jdk.internal.reflect.DirectMethodHandleAccessor.invoke(DirectMethodHandleAccessor.java:104)
	at java.base/java.lang.reflect.Method.invoke(Method.java:578)
	at org.springframework.web.method.support.InvocableHandlerMethod.doInvoke(InvocableHandlerMethod.java:190)
	at org.springframework.web.method.support.InvocableHandlerMethod.invokeForRequest(InvocableHandlerMethod.java:138)
	at org.springframework.web.servlet.mvc.method.annotation.ServletInvocableHandlerMethod.invokeAndHandle(ServletInvocableHandlerMethod.java:104)
	at org.springframework.web.servlet.mvc.method.annotation.RequestMappingHandlerAdapter.invokeHandlerMethod(RequestMappingHandlerAdapter.java:892)
	at org.springframework.web.servlet.mvc.method.annotation.RequestMappingHandlerAdapter.handleInternal(RequestMappingHandlerAdapter.java:797)
	at org.springframework.web.servlet.mvc.method.AbstractHandlerMethodAdapter.handle(AbstractHandlerMethodAdapter.java:87)
	at org.springframework.web.servlet.DispatcherServlet.doDispatch(DispatcherServlet.java:1039)
	at org.springframework.web.servlet.DispatcherServlet.doService(DispatcherServlet.java:942)
	at org.springframework.web.servlet.FrameworkServlet.processRequest(FrameworkServlet.java:1005)
	at org.springframework.web.servlet.FrameworkServlet.doPost(FrameworkServlet.java:908)
	at javax.servlet.http.HttpServlet.service(HttpServlet.java:660)
	at org.springframework.web.servlet.FrameworkServlet.service(FrameworkServlet.java:882)
	at javax.servlet.http.HttpServlet.service(HttpServlet.java:741)
	at org.apache.catalina.core.ApplicationFilterChain.internalDoFilter(ApplicationFilterChain.java:231)
	at org.apache.catalina.core.ApplicationFilterChain.doFilter(ApplicationFilterChain.java:166)
	at org.apache.tomcat.websocket.server.WsFilter.doFilter(WsFilter.java:53)
	at org.apache.catalina.core.ApplicationFilterChain.internalDoFilter(ApplicationFilterChain.java:193)
	at org.apache.catalina.core.ApplicationFilterChain.doFilter(ApplicationFilterChain.java:166)
	at com.example.demo.security.JWTAuthenticationVerficationFilter.doFilterInternal(JWTAuthenticationVerficationFilter.java:40)
	at org.springframework.web.filter.OncePerRequestFilter.doFilter(OncePerRequestFilter.java:107)
	at org.apache.catalina.core.ApplicationFilterChain.internalDoFilter(ApplicationFilterChain.java:193)
	at org.apache.catalina.core.ApplicationFilterChain.doFilter(ApplicationFilterChain.java:166)
	at org.springframework.security.web.FilterChainProxy$VirtualFilterChain.doFilter(FilterChainProxy.java:320)
	at org.springframework.security.web.access.intercept.FilterSecurityInterceptor.invoke(FilterSecurityInterceptor.java:127)
	at org.springframework.security.web.access.intercept.FilterSecurityInterceptor.doFilter(FilterSecurityInterceptor.java:91)
	at org.springframework.security.web.FilterChainProxy$VirtualFilterChain.doFilter(FilterChainProxy.java:334)
	at org.springframework.security.web.access.ExceptionTranslationFilter.doFilter(ExceptionTranslationFilter.java:119)
	at org.springframework.security.web.FilterChainProxy$VirtualFilterChain.doFilter(FilterChainProxy.java:334)
	at org.springframework.security.web.session.SessionManagementFilter.doFilter(SessionManagementFilter.java:137)
	at org.springframework.security.web.FilterChainProxy$VirtualFilterChain.doFilter(FilterChainProxy.java:334)
	at org.springframework.security.web.authentication.AnonymousAuthenticationFilter.doFilter(AnonymousAuthenticationFilter.java:111)
	at org.springframework.security.web.FilterChainProxy$VirtualFilterChain.doFilter(FilterChainProxy.java:334)
	at org.springframework.security.web.servletapi.SecurityContextHolderAwareRequestFilter.doFilter(SecurityContextHolderAwareRequestFilter.java:170)
	at org.springframework.security.web.FilterChainProxy$VirtualFilterChain.doFilter(FilterChainProxy.java:334)
	at org.springframework.security.web.savedrequest.RequestCacheAwareFilter.doFilter(RequestCacheAwareFilter.java:63)
	at org.springframework.security.web.FilterChainProxy$VirtualFilterChain.doFilter(FilterChainProxy.java:334)
	at com.example.demo.security.JWTAuthenticationVerficationFilter.doFilterInternal(JWTAuthenticationVerficationFilter.java:40)
	at org.springframework.web.filter.OncePerRequestFilter.doFilter(OncePerRequestFilter.java:107)
	at org.springframework.security.web.FilterChainProxy$VirtualFilterChain.doFilter(FilterChainProxy.java:334)
	at org.springframework.security.web.authentication.AbstractAuthenticationProcessingFilter.doFilter(AbstractAuthenticationProcessingFilter.java:200)
	at org.springframework.security.web.FilterChainProxy$VirtualFilterChain.doFilter(FilterChainProxy.java:334)
	at org.springframework.security.web.authentication.logout.LogoutFilter.doFilter(LogoutFilter.java:116)
	at org.springframework.security.web.FilterChainProxy$VirtualFilterChain.doFilter(FilterChainProxy.java:334)
	at org.springframework.web.filter.CorsFilter.doFilterInternal(CorsFilter.java:96)
	at org.springframework.web.filter.OncePerRequestFilter.doFilter(OncePerRequestFilter.java:107)
	at org.springframework.security.web.FilterChainProxy$VirtualFilterChain.doFilter(FilterChainProxy.java:334)
	at org.springframework.security.web.header.HeaderWriterFilter.doFilterInternal(HeaderWriterFilter.java:74)
	at org.springframework.web.filter.OncePerRequestFilter.doFilter(OncePerRequestFilter.java:107)
	at org.springframework.security.web.FilterChainProxy$VirtualFilterChain.doFilter(FilterChainProxy.java:334)
	at org.springframework.security.web.context.SecurityContextPersistenceFilter.doFilter(SecurityContextPersistenceFilter.java:105)
	at org.springframework.security.web.FilterChainProxy$VirtualFilterChain.doFilter(FilterChainProxy.java:334)
	at org.springframework.security.web.context.request.async.WebAsyncManagerIntegrationFilter.doFilterInternal(WebAsyncManagerIntegrationFilter.java:56)
	at org.springframework.web.filter.OncePerRequestFilter.doFilter(OncePerRequestFilter.java:107)
	at org.springframework.security.web.FilterChainProxy$VirtualFilterChain.doFilter(FilterChainProxy.java:334)
	at org.springframework.security.web.FilterChainProxy.doFilterInternal(FilterChainProxy.java:215)
	at org.springframework.security.web.FilterChainProxy.doFilter(FilterChainProxy.java:178)
	at org.springframework.web.filter.DelegatingFilterProxy.invokeDelegate(DelegatingFilterProxy.java:357)
	at org.springframework.web.filter.DelegatingFilterProxy.doFilter(DelegatingFilterProxy.java:270)
	at org.apache.catalina.core.ApplicationFilterChain.internalDoFilter(ApplicationFilterChain.java:193)
	at org.apache.catalina.core.ApplicationFilterChain.doFilter(ApplicationFilterChain.java:166)
	at org.springframework.web.filter.RequestContextFilter.doFilterInternal(RequestContextFilter.java:99)
	at org.springframework.web.filter.OncePerRequestFilter.doFilter(OncePerRequestFilter.java:107)
	at org.apache.catalina.core.ApplicationFilterChain.internalDoFilter(ApplicationFilterChain.java:193)
	at org.apache.catalina.core.ApplicationFilterChain.doFilter(ApplicationFilterChain.java:166)
	at org.springframework.web.filter.FormContentFilter.doFilterInternal(FormContentFilter.java:92)
	at org.springframework.web.filter.OncePerRequestFilter.doFilter(OncePerRequestFilter.java:107)
	at org.apache.catalina.core.ApplicationFilterChain.internalDoFilter(ApplicationFilterChain.java:193)
	at org.apache.catalina.core.ApplicationFilterChain.doFilter(ApplicationFilterChain.java:166)
	at org.springframework.web.filter.HiddenHttpMethodFilter.doFilterInternal(HiddenHttpMethodFilter.java:93)
	at org.springframework.web.filter.OncePerRequestFilter.doFilter(OncePerRequestFilter.java:107)
	at org.apache.catalina.core.ApplicationFilterChain.internalDoFilter(ApplicationFilterChain.java:193)
	at org.apache.catalina.core.ApplicationFilterChain.doFilter(ApplicationFilterChain.java:166)
	at org.springframework.web.filter.CharacterEncodingFilter.doFilterInternal(CharacterEncodingFilter.java:200)
	at org.springframework.web.filter.OncePerRequestFilter.doFilter(OncePerRequestFilter.java:107)
	at org.apache.catalina.core.ApplicationFilterChain.internalDoFilter(ApplicationFilterChain.java:193)
	at org.apache.catalina.core.ApplicationFilterChain.doFilter(ApplicationFilterChain.java:166)
	at org.apache.catalina.core.StandardWrapperValve.invoke(StandardWrapperValve.java:200)
	at org.apache.catalina.core.StandardContextValve.invoke(StandardContextValve.java:96)
	at org.apache.catalina.authenticator.AuthenticatorBase.invoke(AuthenticatorBase.java:490)
	at org.apache.catalina.core.StandardHostValve.invoke(StandardHostValve.java:139)
	at org.apache.catalina.valves.ErrorReportValve.invoke(ErrorReportValve.java:92)
	at org.apache.catalina.core.StandardEngineValve.invoke(StandardEngineValve.java:74)
	at org.apache.catalina.connector.CoyoteAdapter.service(CoyoteAdapter.java:343)
	at org.apache.coyote.http11.Http11Processor.service(Http11Processor.java:408)
	at org.apache.coyote.AbstractProcessorLight.process(AbstractProcessorLight.java:66)
	at org.apache.coyote.AbstractProtocol$ConnectionHandler.process(AbstractProtocol.java:836)
	at org.apache.tomcat.util.net.NioEndpoint$SocketProcessor.doRun(NioEndpoint.java:1747)
	at org.apache.tomcat.util.net.SocketProcessorBase.run(SocketProcessorBase.java:49)
	at java.base/java.util.concurrent.ThreadPoolExecutor.runWorker(ThreadPoolExecutor.java:1144)
	at java.base/java.util.concurrent.ThreadPoolExecutor$Worker.run(ThreadPoolExecutor.java:642)
	at org.apache.tomcat.util.threads.TaskThread$WrappingRunnable.run(TaskThread.java:61)
	at java.base/java.lang.Thread.run(Thread.java:1589)
2023-11-26 10:26:36 ERROR OrderController:59 - Error with user password.
2023-11-26 10:27:09 INFO  OrderController:72 - User created successfully. Username: {PhuocNQ1111111}
2023-11-26 10:27:19 INFO  OrderController:72 - User created successfully. Username: {PhuocNQ22222}
2023-11-26 10:27:22 INFO  OrderController:72 - User created successfully. Username: {PhuocNQ333333}
2023-11-26 10:27:27 INFO  OrderController:72 - User created successfully. Username: {PhuocNQ44444}
2023-11-26 10:27:31 INFO  OrderController:72 - User created successfully. Username: {PhuocNQ55555}
2023-11-26 10:28:59 ERROR OrderController:59 - Error with user password.
2023-11-26 10:29:14 ERROR OrderController:59 - Error with user password.
2023-11-26 10:29:21 ERROR OrderController:59 - Error with user password.
2023-11-26 10:29:25 ERROR OrderController:59 - Error with user password.
2023-11-26 10:29:28 ERROR OrderController:59 - Error with user password.
2023-11-26 10:29:34 ERROR OrderController:59 - Error with user password.
2023-11-26 10:36:16 INFO  OrderController:29 - Received order submission request for user: {PhuocNQ1111111}
2023-11-26 10:36:16 INFO  OrderController:40 - Order submitted successfully for user: {PhuocNQ1111111}, Order ID: {1}
2023-11-26 10:36:20 INFO  OrderController:29 - Received order submission request for user: {PhuocNQ1111111}
2023-11-26 10:36:20 INFO  OrderController:40 - Order submitted successfully for user: {PhuocNQ1111111}, Order ID: {2}
2023-11-26 10:36:22 INFO  OrderController:29 - Received order submission request for user: {PhuocNQ1111111}
2023-11-26 10:36:22 INFO  OrderController:40 - Order submitted successfully for user: {PhuocNQ1111111}, Order ID: {3}
2023-11-26 10:36:23 INFO  OrderController:29 - Received order submission request for user: {PhuocNQ1111111}
2023-11-26 10:36:23 INFO  OrderController:40 - Order submitted successfully for user: {PhuocNQ1111111}, Order ID: {4}
2023-11-26 10:36:24 INFO  OrderController:29 - Received order submission request for user: {PhuocNQ1111111}
2023-11-26 10:36:24 INFO  OrderController:40 - Order submitted successfully for user: {PhuocNQ1111111}, Order ID: {5}
2023-11-26 10:36:24 INFO  OrderController:29 - Received order submission request for user: {PhuocNQ1111111}
2023-11-26 10:36:24 INFO  OrderController:40 - Order submitted successfully for user: {PhuocNQ1111111}, Order ID: {6}
2023-11-26 10:36:26 INFO  OrderController:29 - Received order submission request for user: {PhuocNQ1111111}
2023-11-26 10:36:26 INFO  OrderController:40 - Order submitted successfully for user: {PhuocNQ1111111}, Order ID: {7}
2023-11-26 10:36:48 INFO  OrderController:29 - Received order submission request for user: {PhuocNQ1111111}
2023-11-26 10:36:48 INFO  OrderController:40 - Order submitted successfully for user: {PhuocNQ1111111}, Order ID: {8}
2023-11-26 10:36:48 INFO  OrderController:29 - Received order submission request for user: {PhuocNQ1111111}
2023-11-26 10:36:48 INFO  OrderController:40 - Order submitted successfully for user: {PhuocNQ1111111}, Order ID: {9}
2023-11-26 10:36:49 INFO  OrderController:29 - Received order submission request for user: {PhuocNQ1111111}
2023-11-26 10:36:49 INFO  OrderController:40 - Order submitted successfully for user: {PhuocNQ1111111}, Order ID: {10}
2023-11-26 10:36:52 INFO  OrderController:29 - Received order submission request for user: {PhuocNQ1111111}
2023-11-26 10:36:52 INFO  OrderController:40 - Order submitted successfully for user: {PhuocNQ1111111}, Order ID: {11}
2023-11-26 10:36:53 INFO  OrderController:29 - Received order submission request for user: {PhuocNQ1111111}
2023-11-26 10:36:53 INFO  OrderController:40 - Order submitted successfully for user: {PhuocNQ1111111}, Order ID: {12}
2023-11-26 10:36:53 INFO  OrderController:29 - Received order submission request for user: {PhuocNQ1111111}
2023-11-26 10:36:53 INFO  OrderController:40 - Order submitted successfully for user: {PhuocNQ1111111}, Order ID: {13}
2023-11-26 10:36:55 INFO  OrderController:29 - Received order submission request for user: {PhuocNQ1111111}
2023-11-26 10:36:55 INFO  OrderController:40 - Order submitted successfully for user: {PhuocNQ1111111}, Order ID: {14}
2023-11-26 10:36:57 INFO  OrderController:29 - Received order submission request for user: {PhuocNQ1111111}
2023-11-26 10:36:57 INFO  OrderController:40 - Order submitted successfully for user: {PhuocNQ1111111}, Order ID: {15}
